Build started 9/4/2019 8:07:10 PM.
     1>Project "C:\Users\walied\Documents\Visual Studio 2012\Projects\ALPC_Client\ALPC_Client\ALPC_Client.vcxproj" on node 2 (Build target(s)).
     1>ClCompile:
         C:\Program Files (x86)\Microsoft Visual Studio 11.0\VC\bin\x86_amd64\CL.exe /c /Zi /nologo /W3 /WX- /O2 /Oi /GL /D WIN32 /D NDEBUG /D _CONSOLE /D _UNICODE /D UNICODE /Gm- /EHsc /MD /GS /Gy /fp:precise /Zc:wchar_t /Zc:forScope /Yu"stdafx.h" /Fp"x64\Release\ALPC_Client.pch" /Fo"x64\Release\\" /Fd"x64\Release\vc110.pdb" /Gd /TP /errorReport:prompt ALPC_Client.cpp
         ALPC_Client.cpp
     1>ALPC_Client.cpp(207): warning C4005: 'SECTION_EXTEND_SIZE' : macro redefinition
                 C:\Program Files (x86)\Windows Kits\8.0\Include\um\winnt.h(11501) : see previous definition of 'SECTION_EXTEND_SIZE'
     1>ALPC_Client.cpp(208): warning C4005: 'SECTION_MAP_READ' : macro redefinition
                 C:\Program Files (x86)\Windows Kits\8.0\Include\um\winnt.h(11499) : see previous definition of 'SECTION_MAP_READ'
     1>ALPC_Client.cpp(209): warning C4005: 'SECTION_MAP_WRITE' : macro redefinition
                 C:\Program Files (x86)\Windows Kits\8.0\Include\um\winnt.h(11498) : see previous definition of 'SECTION_MAP_WRITE'
     1>ALPC_Client.cpp(210): warning C4005: 'SECTION_QUERY' : macro redefinition
                 C:\Program Files (x86)\Windows Kits\8.0\Include\um\winnt.h(11497) : see previous definition of 'SECTION_QUERY'
     1>ALPC_Client.cpp(211): warning C4005: 'SECTION_ALL_ACCESS' : macro redefinition
                 C:\Program Files (x86)\Windows Kits\8.0\Include\um\winnt.h(11508) : see previous definition of 'SECTION_ALL_ACCESS'
     1>ALPC_Client.cpp(243): warning C4267: '=' : conversion from 'size_t' to 'unsigned short', possible loss of data
     1>ALPC_Client.cpp(289): warning C4244: '=' : conversion from 'unsigned __int64' to 'unsigned short', possible loss of data
     1>ALPC_Client.cpp(290): warning C4244: '=' : conversion from 'unsigned __int64' to 'unsigned short', possible loss of data
     1>ALPC_Client.cpp(291): warning C4244: '=' : conversion from 'unsigned __int64' to 'unsigned long', possible loss of data
     1>ALPC_Client.cpp(339): warning C4267: '=' : conversion from 'size_t' to 'unsigned short', possible loss of data
     1>ALPC_Client.cpp(434): warning C4267: '=' : conversion from 'size_t' to 'unsigned short', possible loss of data
     1>ALPC_Client.cpp(483): warning C4244: '=' : conversion from 'unsigned __int64' to 'unsigned short', possible loss of data
     1>ALPC_Client.cpp(484): warning C4244: '=' : conversion from 'unsigned __int64' to 'unsigned short', possible loss of data
       Link:
         C:\Program Files (x86)\Microsoft Visual Studio 11.0\VC\bin\x86_amd64\link.exe /ERRORREPORT:PROMPT /OUT:"C:\Users\walied\Documents\Visual Studio 2012\Projects\ALPC_Client\x64\Release\ALPC_Client.exe" /INCREMENTAL:NO /NOLOGO kernel32.lib user32.lib gdi32.lib winspool.lib comdlg32.lib advapi32.lib shell32.lib ole32.lib oleaut32.lib uuid.lib odbc32.lib odbccp32.lib /MANIFEST /MANIFESTUAC:"level='asInvoker' uiAccess='false'" /manifest:embed /DEBUG /PDB:"C:\Users\walied\Documents\Visual Studio 2012\Projects\ALPC_Client\x64\Release\ALPC_Client.pdb" /SUBSYSTEM:CONSOLE /OPT:REF /OPT:ICF /LTCG /TLBID:1 /DYNAMICBASE /NXCOMPAT /IMPLIB:"C:\Users\walied\Documents\Visual Studio 2012\Projects\ALPC_Client\x64\Release\ALPC_Client.lib" /MACHINE:X64 x64\Release\ALPC_Client.obj
         x64\Release\stdafx.obj
         Generating code
         Finished generating code
         ALPC_Client.vcxproj -> C:\Users\walied\Documents\Visual Studio 2012\Projects\ALPC_Client\x64\Release\ALPC_Client.exe
     1>Done Building Project "C:\Users\walied\Documents\Visual Studio 2012\Projects\ALPC_Client\ALPC_Client\ALPC_Client.vcxproj" (Build target(s)).

Build succeeded.

Time Elapsed 00:00:01.64
